<?xml version="1.0" encoding="utf-8"?><testsuites name="pytest tests"><testsuite name="pytest" errors="0" failures="0" skipped="0" tests="12" time="10.569" timestamp="2026-07-10T13:28:25.723676+00:00" hostname="agent-env-5ab908d8-3bfa-403a-a53f-86e367610ed3"><testcase classname="tests.test_creatorguard_backend.TestGmailStatusAndSettings" name="test_status_defaults_for_fresh_user" time="0.021" /><testcase classname="tests.test_creatorguard_backend.TestOAuthCallbackHardening" name="test_callback_with_only_error_param_redirects" time="0.082" /><testcase classname="tests.test_creatorguard_backend.TestGmailStatusAndSettings" name="test_settings_update_persists_label" time="0.007" /><testcase classname="tests.test_creatorguard_backend.TestGmailStatusAndSettings" name="test_settings_rejects_empty_label" time="0.002" /><testcase classname="tests.test_creatorguard_backend.TestPKCECodeVerifier" name="test_authorize_url_contains_pkce_challenge" time="0.004" /><testcase classname="tests.test_creatorguard_backend.TestPKCECodeVerifier" name="test_state_row_persists_code_verifier" time="0.048" /><testcase classname="tests.test_creatorguard_backend.TestOAuthCallbackHardening" name="test_callback_with_no_params_redirects" time="0.043" /><testcase classname="tests.test_creatorguard_backend.TestPKCECodeVerifier" name="test_two_logins_same_user_get_independent_verifiers" time="0.039" /><testcase classname="tests.test_creatorguard_backend.TestOAuthLogin" name="test_login_returns_authorize_url_with_scopes_and_flags" time="0.003" /><testcase classname="tests.test_creatorguard_backend.TestOAuthCallbackHardening" name="test_callback_with_bogus_code_and_state_returns_400" time="0.058" /><testcase classname="tests.test_creatorguard_backend.TestCallbackTokenExchangeHardening" name="test_callback_valid_state_bogus_code_redirects_not_500" time="0.361" /><testcase classname="tests.test_creatorguard_backend.TestAnalyzeRegression" name="test_analyze_returns_full_verdict" time="9.569" /></testsuite></testsuites>